2025-07-05 17:11:51 | ERROR    | portfolio_rag_scraper:_scrape_page:188 - Error scraping https://www.sequoiacap.com/companies/: 'NoneType' object has no attribute 'get'
2025-07-05 17:11:51 | ERROR    | portfolio_rag_scraper:_scrape_page:188 - Error scraping https://www.sequoiacap.com/portfolio/: 'NoneType' object has no attribute 'get'
2025-07-05 17:11:51 | ERROR    | portfolio_rag_scraper:_scrape_page:188 - Error scraping https://www.crunchbase.com/organization/sequoia-capital: 'NoneType' object has no attribute 'get'
2025-07-05 17:11:51 | ERROR    | portfolio_rag_scraper:_scrape_page:188 - Error scraping https://www.linkedin.com/company/sequoia-capital: 'NoneType' object has no attribute 'get'
2025-07-05 17:11:51 | ERROR    | portfolio_rag_scraper:_scrape_page:188 - Error scraping https://www.owler.com/company/sequoia-capital: 'NoneType' object has no attribute 'get'
2025-07-05 17:11:51 | ERROR    | portfolio_rag_scraper:_scrape_page:188 - Error scraping https://a16z.com/portfolio/: 'NoneType' object has no attribute 'get'
2025-07-05 17:11:51 | ERROR    | portfolio_rag_scraper:_scrape_page:188 - Error scraping https://a16z.com/companies/: 'NoneType' object has no attribute 'get'
2025-07-05 17:11:51 | ERROR    | portfolio_rag_scraper:_scrape_page:188 - Error scraping https://www.crunchbase.com/organization/andreessen-horowitz: 'NoneType' object has no attribute 'get'
2025-07-05 17:11:51 | ERROR    | portfolio_rag_scraper:_scrape_page:188 - Error scraping https://www.linkedin.com/company/andreessen-horowitz: 'NoneType' object has no attribute 'get'
2025-07-05 17:11:51 | ERROR    | portfolio_rag_scraper:_scrape_page:188 - Error scraping https://www.owler.com/company/andreessen-horowitz: 'NoneType' object has no attribute 'get'
2025-07-05 17:11:51 | ERROR    | portfolio_rag_scraper:_scrape_page:188 - Error scraping https://nexusvp.com/portfolio/: 'NoneType' object has no attribute 'get'
2025-07-05 17:11:51 | ERROR    | portfolio_rag_scraper:_scrape_page:188 - Error scraping https://nexusvp.com/companies/: 'NoneType' object has no attribute 'get'
2025-07-05 17:11:51 | ERROR    | portfolio_rag_scraper:_scrape_page:188 - Error scraping https://www.crunchbase.com/organization/nexus-venture-partners: 'NoneType' object has no attribute 'get'
2025-07-05 17:11:51 | ERROR    | portfolio_rag_scraper:_scrape_page:188 - Error scraping https://www.linkedin.com/company/nexus-venture-partners: 'NoneType' object has no attribute 'get'
2025-07-05 17:11:51 | ERROR    | portfolio_rag_scraper:_scrape_page:188 - Error scraping https://www.owler.com/company/nexus-venture-partners: 'NoneType' object has no attribute 'get'
2025-07-05 17:11:51 | ERROR    | portfolio_rag_scraper:_scrape_page:188 - Error scraping https://nexusvp.com/portfolio/: 'NoneType' object has no attribute 'get'
2025-07-05 17:11:51 | ERROR    | portfolio_rag_scraper:_scrape_page:188 - Error scraping https://nexusvp.com/companies/: 'NoneType' object has no attribute 'get'
2025-07-05 17:11:51 | ERROR    | portfolio_rag_scraper:_scrape_page:188 - Error scraping https://www.crunchbase.com/organization/nexus-venture-partners: 'NoneType' object has no attribute 'get'
2025-07-05 17:11:51 | ERROR    | portfolio_rag_scraper:_scrape_page:188 - Error scraping https://www.linkedin.com/company/nexus-venture-partners: 'NoneType' object has no attribute 'get'
2025-07-05 17:11:51 | ERROR    | portfolio_rag_scraper:_scrape_page:188 - Error scraping https://www.owler.com/company/nexus-venture-partners: 'NoneType' object has no attribute 'get'
2025-07-05 18:09:48 | ERROR    | unified_vc_sourcing_agent:source_startups_for_vc:123 - Error sourcing startups for Nexus Venture Partners: "StartupProfile" object has no field "portfolio_conflicts"
2025-07-05 18:10:13 | ERROR    | unified_vc_sourcing_agent:source_startups_for_vc:123 - Error sourcing startups for Nexus Venture Partners: "StartupProfile" object has no field "portfolio_conflicts"
2025-07-06 00:41:12 | ERROR    | unified_vc_sourcing_agent:source_startups_for_vc:145 - Error sourcing startups for Sequoia Capital: 'overall_score'
2025-07-06 00:41:54 | ERROR    | unified_vc_sourcing_agent:source_startups_for_vc:145 - Error sourcing startups for Sequoia Capital: 'overall_score'
